TN:
SF:/Users/han/Desktop/GitHub/gulp-plugin-vue-sfc/src/index.ts
FN:1,(anonymous_0)
FN:6,__webpack_require__
FN:37,(anonymous_2)
FN:44,(anonymous_3)
FN:56,(anonymous_4)
FN:63,(anonymous_5)
FN:68,(anonymous_6)
FN:70,getDefault
FN:71,getModuleExports
FN:77,(anonymous_9)
FN:94,(anonymous_10)
FN:106,(anonymous_11)
FN:118,(anonymous_12)
FN:130,(anonymous_13)
FN:142,(anonymous_14)
FN:154,(anonymous_15)
FN:166,(anonymous_16)
FN:178,(anonymous_17)
FN:189,(anonymous_18)
FN:200,(anonymous_19)
FN:211,(anonymous_20)
FN:222,(anonymous_21)
FN:233,(anonymous_22)
FN:244,(anonymous_23)
FN:255,(anonymous_24)
FN:266,(anonymous_25)
FN:277,(anonymous_26)
FN:288,(anonymous_27)
FN:299,(anonymous_28)
FN:310,(anonymous_29)
FN:322,(anonymous_30)
FN:334,(anonymous_31)
FN:346,(anonymous_32)
FN:358,(anonymous_33)
FN:369,(anonymous_34)
FN:380,(anonymous_35)
FN:391,(anonymous_36)
FN:402,(anonymous_37)
FN:413,(anonymous_38)
FN:424,(anonymous_39)
FN:435,(anonymous_40)
FN:446,(anonymous_41)
FN:457,(anonymous_42)
FN:468,(anonymous_43)
FN:479,(anonymous_44)
FN:491,(anonymous_45)
FN:503,(anonymous_46)
FN:514,(anonymous_47)
FN:526,(anonymous_48)
FN:538,(anonymous_49)
FN:550,(anonymous_50)
FN:561,(anonymous_51)
FN:573,(anonymous_52)
FN:585,(anonymous_53)
FN:597,(anonymous_54)
FN:608,(anonymous_55)
FN:619,(anonymous_56)
FN:630,(anonymous_57)
FN:641,(anonymous_58)
FN:652,(anonymous_59)
FN:663,(anonymous_60)
FN:674,(anonymous_61)
FN:685,(anonymous_62)
FN:696,(anonymous_63)
FN:707,(anonymous_64)
FN:718,(anonymous_65)
FN:729,(anonymous_66)
FN:740,(anonymous_67)
FN:751,(anonymous_68)
FN:762,(anonymous_69)
FN:773,(anonymous_70)
FN:784,(anonymous_71)
FN:795,(anonymous_72)
FN:806,(anonymous_73)
FN:817,(anonymous_74)
FN:828,(anonymous_75)
FN:839,(anonymous_76)
FN:851,(anonymous_77)
FN:862,(anonymous_78)
FN:873,(anonymous_79)
FN:884,(anonymous_80)
FN:895,(anonymous_81)
FN:907,(anonymous_82)
FN:919,(anonymous_83)
FN:930,(anonymous_84)
FN:941,(anonymous_85)
FN:953,(anonymous_86)
FN:965,(anonymous_87)
FN:977,(anonymous_88)
FN:989,(anonymous_89)
FN:1001,(anonymous_90)
FN:1013,(anonymous_91)
FN:1025,(anonymous_92)
FN:1036,(anonymous_93)
FN:1047,(anonymous_94)
FN:1058,(anonymous_95)
FN:1069,(anonymous_96)
FN:1080,(anonymous_97)
FN:1091,(anonymous_98)
FN:1102,(anonymous_99)
FN:1113,(anonymous_100)
FN:1124,(anonymous_101)
FN:1136,(anonymous_102)
FN:1147,(anonymous_103)
FN:1159,(anonymous_104)
FN:1171,(anonymous_105)
FN:1183,(anonymous_106)
FN:1195,(anonymous_107)
FN:1207,(anonymous_108)
FN:1219,(anonymous_109)
FN:1231,(anonymous_110)
FN:1243,(anonymous_111)
FN:1255,(anonymous_112)
FN:1267,(anonymous_113)
FN:1279,(anonymous_114)
FN:1290,(anonymous_115)
FN:1302,(anonymous_116)
FN:1314,(anonymous_117)
FN:1325,(anonymous_118)
FN:1336,(anonymous_119)
FN:1347,(anonymous_120)
FN:1359,(anonymous_121)
FN:1370,(anonymous_122)
FN:1381,(anonymous_123)
FN:1392,(anonymous_124)
FN:1403,(anonymous_125)
FN:1414,(anonymous_126)
FN:1425,(anonymous_127)
FN:1436,(anonymous_128)
FN:1447,(anonymous_129)
FN:1458,(anonymous_130)
FN:1469,(anonymous_131)
FN:1480,(anonymous_132)
FN:1491,(anonymous_133)
FN:1503,(anonymous_134)
FN:1514,(anonymous_135)
FN:1525,(anonymous_136)
FN:1536,(anonymous_137)
FN:1547,(anonymous_138)
FNF:139
FNH:119
FNDA:1,(anonymous_0)
FNDA:239,__webpack_require__
FNDA:0,(anonymous_2)
FNDA:0,(anonymous_3)
FNDA:0,(anonymous_4)
FNDA:0,(anonymous_5)
FNDA:0,(anonymous_6)
FNDA:0,getDefault
FNDA:0,getModuleExports
FNDA:0,(anonymous_9)
FNDA:0,(anonymous_10)
FNDA:1,(anonymous_11)
FNDA:0,(anonymous_12)
FNDA:1,(anonymous_13)
FNDA:1,(anonymous_14)
FNDA:1,(anonymous_15)
FNDA:1,(anonymous_16)
FNDA:1,(anonymous_17)
FNDA:1,(anonymous_18)
FNDA:0,(anonymous_19)
FNDA:1,(anonymous_20)
FNDA:1,(anonymous_21)
FNDA:1,(anonymous_22)
FNDA:1,(anonymous_23)
FNDA:1,(anonymous_24)
FNDA:1,(anonymous_25)
FNDA:1,(anonymous_26)
FNDA:1,(anonymous_27)
FNDA:1,(anonymous_28)
FNDA:1,(anonymous_29)
FNDA:1,(anonymous_30)
FNDA:0,(anonymous_31)
FNDA:0,(anonymous_32)
FNDA:1,(anonymous_33)
FNDA:1,(anonymous_34)
FNDA:1,(anonymous_35)
FNDA:1,(anonymous_36)
FNDA:1,(anonymous_37)
FNDA:1,(anonymous_38)
FNDA:1,(anonymous_39)
FNDA:1,(anonymous_40)
FNDA:1,(anonymous_41)
FNDA:1,(anonymous_42)
FNDA:1,(anonymous_43)
FNDA:1,(anonymous_44)
FNDA:1,(anonymous_45)
FNDA:1,(anonymous_46)
FNDA:1,(anonymous_47)
FNDA:1,(anonymous_48)
FNDA:1,(anonymous_49)
FNDA:1,(anonymous_50)
FNDA:0,(anonymous_51)
FNDA:1,(anonymous_52)
FNDA:1,(anonymous_53)
FNDA:1,(anonymous_54)
FNDA:1,(anonymous_55)
FNDA:1,(anonymous_56)
FNDA:1,(anonymous_57)
FNDA:1,(anonymous_58)
FNDA:1,(anonymous_59)
FNDA:1,(anonymous_60)
FNDA:1,(anonymous_61)
FNDA:1,(anonymous_62)
FNDA:1,(anonymous_63)
FNDA:1,(anonymous_64)
FNDA:1,(anonymous_65)
FNDA:1,(anonymous_66)
FNDA:1,(anonymous_67)
FNDA:1,(anonymous_68)
FNDA:1,(anonymous_69)
FNDA:1,(anonymous_70)
FNDA:1,(anonymous_71)
FNDA:1,(anonymous_72)
FNDA:1,(anonymous_73)
FNDA:1,(anonymous_74)
FNDA:1,(anonymous_75)
FNDA:1,(anonymous_76)
FNDA:1,(anonymous_77)
FNDA:1,(anonymous_78)
FNDA:1,(anonymous_79)
FNDA:1,(anonymous_80)
FNDA:0,(anonymous_81)
FNDA:1,(anonymous_82)
FNDA:1,(anonymous_83)
FNDA:1,(anonymous_84)
FNDA:1,(anonymous_85)
FNDA:1,(anonymous_86)
FNDA:1,(anonymous_87)
FNDA:1,(anonymous_88)
FNDA:1,(anonymous_89)
FNDA:1,(anonymous_90)
FNDA:1,(anonymous_91)
FNDA:1,(anonymous_92)
FNDA:1,(anonymous_93)
FNDA:1,(anonymous_94)
FNDA:1,(anonymous_95)
FNDA:1,(anonymous_96)
FNDA:1,(anonymous_97)
FNDA:1,(anonymous_98)
FNDA:0,(anonymous_99)
FNDA:1,(anonymous_100)
FNDA:1,(anonymous_101)
FNDA:1,(anonymous_102)
FNDA:0,(anonymous_103)
FNDA:1,(anonymous_104)
FNDA:1,(anonymous_105)
FNDA:1,(anonymous_106)
FNDA:1,(anonymous_107)
FNDA:1,(anonymous_108)
FNDA:1,(anonymous_109)
FNDA:0,(anonymous_110)
FNDA:1,(anonymous_111)
FNDA:1,(anonymous_112)
FNDA:1,(anonymous_113)
FNDA:0,(anonymous_114)
FNDA:1,(anonymous_115)
FNDA:1,(anonymous_116)
FNDA:1,(anonymous_117)
FNDA:1,(anonymous_118)
FNDA:1,(anonymous_119)
FNDA:0,(anonymous_120)
FNDA:1,(anonymous_121)
FNDA:1,(anonymous_122)
FNDA:1,(anonymous_123)
FNDA:1,(anonymous_124)
FNDA:1,(anonymous_125)
FNDA:1,(anonymous_126)
FNDA:1,(anonymous_127)
FNDA:1,(anonymous_128)
FNDA:1,(anonymous_129)
FNDA:1,(anonymous_130)
FNDA:1,(anonymous_131)
FNDA:1,(anonymous_132)
FNDA:1,(anonymous_133)
FNDA:1,(anonymous_134)
FNDA:1,(anonymous_135)
FNDA:1,(anonymous_136)
FNDA:1,(anonymous_137)
FNDA:1,(anonymous_138)
DA:1,1
DA:3,1
DA:9,239
DA:10,122
DA:13,117
DA:20,117
DA:23,117
DA:26,117
DA:31,1
DA:34,1
DA:37,1
DA:38,0
DA:39,0
DA:44,1
DA:45,0
DA:46,0
DA:48,0
DA:56,1
DA:57,0
DA:58,0
DA:59,0
DA:60,0
DA:61,0
DA:62,0
DA:63,0
DA:64,0
DA:68,1
DA:69,0
DA:70,0
DA:71,0
DA:72,0
DA:73,0
DA:77,1
DA:80,1
DA:84,1
DA:97,0
DA:109,1
DA:121,0
DA:133,1
DA:145,1
DA:157,1
DA:169,1
DA:180,1
DA:191,1
DA:202,0
DA:213,1
DA:224,1
DA:235,1
DA:246,1
DA:257,1
DA:268,1
DA:279,1
DA:290,1
DA:301,1
DA:313,1
DA:325,1
DA:337,0
DA:349,0
DA:360,1
DA:371,1
DA:382,1
DA:393,1
DA:404,1
DA:415,1
DA:426,1
DA:437,1
DA:448,1
DA:459,1
DA:470,1
DA:482,1
DA:494,1
DA:505,1
DA:517,1
DA:529,1
DA:541,1
DA:552,1
DA:564,0
DA:576,1
DA:588,1
DA:599,1
DA:610,1
DA:621,1
DA:632,1
DA:643,1
DA:654,1
DA:665,1
DA:676,1
DA:687,1
DA:698,1
DA:709,1
DA:720,1
DA:731,1
DA:742,1
DA:753,1
DA:764,1
DA:775,1
DA:786,1
DA:797,1
DA:808,1
DA:819,1
DA:830,1
DA:842,1
DA:853,1
DA:864,1
DA:875,1
DA:886,1
DA:898,0
DA:910,1
DA:921,1
DA:932,1
DA:944,1
DA:956,1
DA:968,1
DA:980,1
DA:992,1
DA:1004,1
DA:1016,1
DA:1027,1
DA:1038,1
DA:1049,1
DA:1060,1
DA:1071,1
DA:1082,1
DA:1093,1
DA:1104,0
DA:1115,1
DA:1127,1
DA:1138,1
DA:1150,0
DA:1162,1
DA:1174,1
DA:1186,1
DA:1198,1
DA:1210,1
DA:1222,1
DA:1234,0
DA:1246,1
DA:1258,1
DA:1270,1
DA:1281,0
DA:1293,1
DA:1305,1
DA:1316,1
DA:1327,1
DA:1338,1
DA:1350,0
DA:1361,1
DA:1372,1
DA:1383,1
DA:1394,1
DA:1405,1
DA:1416,1
DA:1427,1
DA:1438,1
DA:1449,1
DA:1460,1
DA:1471,1
DA:1482,1
DA:1494,1
DA:1505,1
DA:1516,1
DA:1527,1
DA:1538,1
DA:1549,1
LF:164
LH:134
BRDA:9,0,0,122
BRDA:9,0,1,117
BRDA:38,1,0,0
BRDA:38,1,1,0
BRDA:45,2,0,0
BRDA:45,2,1,0
BRDA:45,3,0,0
BRDA:45,3,1,0
BRDA:57,4,0,0
BRDA:57,4,1,0
BRDA:58,5,0,0
BRDA:58,5,1,0
BRDA:59,6,0,0
BRDA:59,6,1,0
BRDA:59,7,0,0
BRDA:59,7,1,0
BRDA:59,7,2,0
BRDA:59,7,3,0
BRDA:63,8,0,0
BRDA:63,8,1,0
BRDA:63,9,0,0
BRDA:63,9,1,0
BRDA:69,10,0,0
BRDA:69,10,1,0
BRDA:69,11,0,0
BRDA:69,11,1,0
BRF:26
BRH:2
end_of_record
